<?xml version="1.0" encoding="UTF-8"?>
<!-- Generated by org.testng.reporters.JUnitReportReporter -->
<testsuite hostname="HML" failures="0" tests="10" name="truyenPageTest" time="11.480" errors="0" timestamp="2020-10-17T14:47:01 ICT" skipped="0">
  <testcase classname="truyenPageTest" name="googleInputKeyword" time="0.107"/>
  <system-out/>
  <testcase classname="truyenPageTest" name="googleSearching" time="0.556"/>
  <system-out/>
  <testcase classname="truyenPageTest" name="googleVerifying" time="0.018"/>
  <system-out/>
  <testcase classname="truyenPageTest" name="googleClick1stTopic" time="2.531"/>
  <system-out/>
  <testcase classname="truyenPageTest" name="verify1stTopic" time="0.011"/>
  <system-out/>
  <testcase classname="truyenPageTest" name="truyenClickLogin" time="4.781"/>
  <system-out/>
  <testcase classname="truyenPageTest" name="truyenInputEmail" time="0.087"/>
  <system-out/>
  <testcase classname="truyenPageTest" name="truyenInputPass" time="0.074"/>
  <system-out/>
  <testcase classname="truyenPageTest" name="truyenLogin" time="3.282"/>
  <system-out/>
  <testcase classname="truyenPageTest" name="verifyLogin" time="0.033"/>
  <system-out/>
</testsuite> <!-- truyenPageTest -->
