<?xml version="1.0" encoding="UTF-8"?>
<!-- Generated by org.testng.reporters.JUnitReportReporter -->
<testsuite hostname="HML" failures="1" tests="11" name="GoogleSearchPageTest" time="5.847" errors="0" timestamp="2020-10-17T14:47:01 ICT" skipped="0">
  <testcase classname="GoogleSearchPageTest" name="googleInputKeyword" time="0.087"/>
  <system-out/>
  <testcase classname="GoogleSearchPageTest" name="googleSearching" time="0.521"/>
  <system-out/>
  <testcase classname="GoogleSearchPageTest" name="googleVerifying" time="0.013"/>
  <system-out/>
  <testcase classname="GoogleSearchPageTest" name="googleClick1stTopic" time="0.835"/>
  <system-out/>
  <testcase classname="GoogleSearchPageTest" name="verify1stTopic" time="0.013"/>
  <system-out/>
  <testcase classname="GoogleSearchPageTest" name="truyenFillSearch" time="0.085"/>
  <system-out/>
  <testcase classname="GoogleSearchPageTest" name="truyenStartSearch" time="0.266"/>
  <system-out/>
  <testcase classname="GoogleSearchPageTest" name="truyenClick1stLink" time="0.834"/>
  <system-out/>
  <testcase classname="GoogleSearchPageTest" name="truyenClickMoreview" time="0.634"/>
  <system-out/>
  <testcase classname="GoogleSearchPageTest" name="truyenClick1stChapter" time="2.551"/>
  <system-out/>
  <testcase classname="GoogleSearchPageTest" name="verifyChapter" time="0.008">
    <failure message="expected:&lt;[Anh Hùng OnePunch] Chap 1 Next Chap 2 ...&gt; but was:&lt;[Đấm phát chết luôn (Gốc)] Chap 1 Next Chap 2 ...&gt;" type="org.junit.ComparisonFailure">
      <![CDATA[org.junit.ComparisonFailure: expected:<[Anh Hùng OnePunch] Chap 1 Next Chap 2 ...> but was:<[Đấm phát chết luôn (Gốc)] Chap 1 Next Chap 2 ...>
at org.junit.Assert.assertEquals(Assert.java:115)
at org.junit.Assert.assertEquals(Assert.java:144)
at GoogleSearchPageTest.verifyChapter(GoogleSearchPageTest.java:79)
at java.base/jdk.internal.reflect.NativeMethodAccessorImpl.invoke0(Native Method)
at java.base/jdk.internal.reflect.NativeMethodAccessorImpl.invoke(NativeMethodAccessorImpl.java:62)
at java.base/jdk.internal.reflect.DelegatingMethodAccessorImpl.invoke(DelegatingMethodAccessorImpl.java:43)
at java.base/java.lang.reflect.Method.invoke(Method.java:567)
at org.testng.internal.MethodInvocationHelper.invokeMethod(MethodInvocationHelper.java:132)
at org.testng.internal.TestInvoker.invokeMethod(TestInvoker.java:599)
at org.testng.internal.TestInvoker.invokeTestMethod(TestInvoker.java:174)
at org.testng.internal.MethodRunner.runInSequence(MethodRunner.java:46)
at org.testng.internal.TestInvoker$MethodInvocationAgent.invoke(TestInvoker.java:822)
at org.testng.internal.TestInvoker.invokeTestMethods(TestInvoker.java:147)
at org.testng.internal.TestMethodWorker.invokeTestMethods(TestMethodWorker.java:146)
at org.testng.internal.TestMethodWorker.run(TestMethodWorker.java:128)
at java.base/java.util.ArrayList.forEach(ArrayList.java:1540)
at org.testng.TestRunner.privateRun(TestRunner.java:764)
at org.testng.TestRunner.run(TestRunner.java:585)
at org.testng.SuiteRunner.runTest(SuiteRunner.java:384)
at org.testng.SuiteRunner.runSequentially(SuiteRunner.java:378)
at org.testng.SuiteRunner.privateRun(SuiteRunner.java:337)
at org.testng.SuiteRunner.run(SuiteRunner.java:286)
at org.testng.SuiteRunnerWorker.runSuite(SuiteRunnerWorker.java:53)
at org.testng.SuiteRunnerWorker.run(SuiteRunnerWorker.java:96)
at org.testng.TestNG.runSuitesSequentially(TestNG.java:1218)
at org.testng.TestNG.runSuitesLocally(TestNG.java:1140)
at org.testng.TestNG.runSuites(TestNG.java:1069)
at org.testng.TestNG.run(TestNG.java:1037)
at com.intellij.rt.testng.IDEARemoteTestNG.run(IDEARemoteTestNG.java:66)
at com.intellij.rt.testng.RemoteTestNGStarter.main(RemoteTestNGStarter.java:110)
]]>
    </failure>
  </testcase> <!-- verifyChapter -->
  <system-out/>
</testsuite> <!-- GoogleSearchPageTest -->
